<?xml version="1.0" encoding="UTF-8"?>
<coverage generated="1557395903185" clover="3.2.0">
  <project timestamp="1557395903185" name="All files">
    <metrics statements="13" coveredstatements="7" conditionals="1" coveredconditionals="0" methods="7" coveredmethods="3" elements="21" coveredelements="10" complexity="0" loc="13" ncloc="13" packages="1" files="1" classes="1"/>
    <file name="index.ts" path="/Users/narongritkanhanoi/works/pam4-js/src/index.ts">
      <metrics statements="13" coveredstatements="7" conditionals="1" coveredconditionals="0" methods="7" coveredmethods="3"/>
      <line num="1" count="1" type="stmt"/>
      <line num="4" count="1" type="stmt"/>
      <line num="8" count="2" type="stmt"/>
      <line num="10" count="3" type="stmt"/>
      <line num="14" count="2" type="stmt"/>
      <line num="18" count="1" type="stmt"/>
      <line num="23" count="0" type="stmt"/>
      <line num="26" count="0" type="stmt"/>
      <line num="30" count="0" type="stmt"/>
      <line num="36" count="0" type="stmt"/>
      <line num="37" count="0" type="stmt"/>
      <line num="42" count="0" type="stmt"/>
      <line num="48" count="1" type="stmt"/>
    </file>
  </project>
</coverage>
