<?xml version="1.0" encoding="UTF-8"?>
<coverage generated="1557473093720" clover="3.2.0">
  <project timestamp="1557473093720" name="All files">
    <metrics statements="42" coveredstatements="9" conditionals="3" coveredconditionals="0" methods="22" coveredmethods="3" elements="67" coveredelements="12" complexity="0" loc="42" ncloc="42" packages="1" files="2" classes="2"/>
    <file name="TrackerDataBuilder.ts" path="/Users/narongritkanhanoi/works/pam4-js/src/TrackerDataBuilder.ts">
      <metrics statements="26" coveredstatements="1" conditionals="0" coveredconditionals="0" methods="13" coveredmethods="0"/>
      <line num="5" count="1" type="stmt"/>
      <line num="9" count="0" type="stmt"/>
      <line num="12" count="0" type="stmt"/>
      <line num="13" count="0" type="stmt"/>
      <line num="17" count="0" type="stmt"/>
      <line num="18" count="0" type="stmt"/>
      <line num="22" count="0" type="stmt"/>
      <line num="23" count="0" type="stmt"/>
      <line num="27" count="0" type="stmt"/>
      <line num="28" count="0" type="stmt"/>
      <line num="32" count="0" type="stmt"/>
      <line num="33" count="0" type="stmt"/>
      <line num="37" count="0" type="stmt"/>
      <line num="38" count="0" type="stmt"/>
      <line num="42" count="0" type="stmt"/>
      <line num="43" count="0" type="stmt"/>
      <line num="47" count="0" type="stmt"/>
      <line num="48" count="0" type="stmt"/>
      <line num="52" count="0" type="stmt"/>
      <line num="53" count="0" type="stmt"/>
      <line num="57" count="0" type="stmt"/>
      <line num="61" count="0" type="stmt"/>
      <line num="62" count="0" type="stmt"/>
      <line num="66" count="0" type="stmt"/>
      <line num="67" count="0" type="stmt"/>
      <line num="71" count="0" type="stmt"/>
    </file>
    <file name="index.ts" path="/Users/narongritkanhanoi/works/pam4-js/src/index.ts">
      <metrics statements="16" coveredstatements="8" conditionals="3" coveredconditionals="0" methods="9" coveredmethods="3"/>
      <line num="1" count="1" type="stmt"/>
      <line num="2" count="1" type="stmt"/>
      <line num="4" count="1" type="stmt"/>
      <line num="8" count="2" type="stmt"/>
      <line num="10" count="3" type="stmt"/>
      <line num="14" count="0" type="stmt"/>
      <line num="18" count="2" type="stmt"/>
      <line num="22" count="1" type="stmt"/>
      <line num="26" count="0" type="stmt"/>
      <line num="29" count="0" type="stmt"/>
      <line num="34" count="0" type="stmt"/>
      <line num="39" count="0" type="stmt"/>
      <line num="40" count="0" type="stmt"/>
      <line num="45" count="0" type="stmt"/>
      <line num="48" count="0" type="stmt"/>
      <line num="54" count="1" type="stmt"/>
    </file>
  </project>
</coverage>
