{"/Users/narongritkanhanoi/works/pam4-js/src/TrackerDataBuilder.ts": {"path":"/Users/narongritkanhanoi/works/pam4-js/src/TrackerDataBuilder.ts","statementMap":{"0":{"start":{"line":9,"column":4},"end":{"line":11,"column":6}},"1":{"start":{"line":12,"column":38},"end":{"line":12,"column":40}},"2":{"start":{"line":13,"column":4},"end":{"line":13,"column":47}},"3":{"start":{"line":17,"column":4},"end":{"line":17,"column":43}},"4":{"start":{"line":18,"column":4},"end":{"line":18,"column":16}},"5":{"start":{"line":22,"column":4},"end":{"line":22,"column":43}},"6":{"start":{"line":23,"column":4},"end":{"line":23,"column":16}},"7":{"start":{"line":27,"column":4},"end":{"line":27,"column":40}},"8":{"start":{"line":28,"column":4},"end":{"line":28,"column":16}},"9":{"start":{"line":32,"column":4},"end":{"line":32,"column":38}},"10":{"start":{"line":33,"column":4},"end":{"line":33,"column":16}},"11":{"start":{"line":37,"column":4},"end":{"line":37,"column":38}},"12":{"start":{"line":38,"column":4},"end":{"line":38,"column":16}},"13":{"start":{"line":42,"column":4},"end":{"line":42,"column":40}},"14":{"start":{"line":43,"column":4},"end":{"line":43,"column":16}},"15":{"start":{"line":47,"column":4},"end":{"line":47,"column":44}},"16":{"start":{"line":48,"column":4},"end":{"line":48,"column":16}},"17":{"start":{"line":52,"column":4},"end":{"line":52,"column":47}},"18":{"start":{"line":53,"column":4},"end":{"line":53,"column":16}},"19":{"start":{"line":57,"column":4},"end":{"line":57,"column":40}},"20":{"start":{"line":61,"column":4},"end":{"line":61,"column":58}},"21":{"start":{"line":62,"column":4},"end":{"line":62,"column":16}},"22":{"start":{"line":66,"column":4},"end":{"line":66,"column":52}},"23":{"start":{"line":67,"column":4},"end":{"line":67,"column":16}},"24":{"start":{"line":71,"column":4},"end":{"line":71,"column":30}},"25":{"start":{"line":5,"column":0},"end":{"line":5,"column":13}}},"fnMap":{"0":{"name":"(anonymous_0)","decl":{"start":{"line":8,"column":2},"end":{"line":8,"column":14}},"loc":{"start":{"line":8,"column":31},"end":{"line":14,"column":3}}},"1":{"name":"(anonymous_1)","decl":{"start":{"line":16,"column":9},"end":{"line":16,"column":17}},"loc":{"start":{"line":16,"column":29},"end":{"line":19,"column":3}}},"2":{"name":"(anonymous_2)","decl":{"start":{"line":21,"column":9},"end":{"line":21,"column":16}},"loc":{"start":{"line":21,"column":28},"end":{"line":24,"column":3}}},"3":{"name":"(anonymous_3)","decl":{"start":{"line":26,"column":9},"end":{"line":26,"column":18}},"loc":{"start":{"line":26,"column":30},"end":{"line":29,"column":3}}},"4":{"name":"(anonymous_4)","decl":{"start":{"line":31,"column":9},"end":{"line":31,"column":16}},"loc":{"start":{"line":31,"column":28},"end":{"line":34,"column":3}}},"5":{"name":"(anonymous_5)","decl":{"start":{"line":36,"column":9},"end":{"line":36,"column":17}},"loc":{"start":{"line":36,"column":29},"end":{"line":39,"column":3}}},"6":{"name":"(anonymous_6)","decl":{"start":{"line":41,"column":9},"end":{"line":41,"column":19}},"loc":{"start":{"line":41,"column":31},"end":{"line":44,"column":3}}},"7":{"name":"(anonymous_7)","decl":{"start":{"line":46,"column":9},"end":{"line":46,"column":13}},"loc":{"start":{"line":46,"column":27},"end":{"line":49,"column":3}}},"8":{"name":"(anonymous_8)","decl":{"start":{"line":51,"column":9},"end":{"line":51,"column":21}},"loc":{"start":{"line":51,"column":44},"end":{"line":54,"column":3}}},"9":{"name":"(anonymous_9)","decl":{"start":{"line":56,"column":9},"end":{"line":56,"column":17}},"loc":{"start":{"line":56,"column":40},"end":{"line":58,"column":3}}},"10":{"name":"(anonymous_10)","decl":{"start":{"line":60,"column":9},"end":{"line":60,"column":19}},"loc":{"start":{"line":60,"column":38},"end":{"line":63,"column":3}}},"11":{"name":"(anonymous_11)","decl":{"start":{"line":65,"column":9},"end":{"line":65,"column":18}},"loc":{"start":{"line":65,"column":30},"end":{"line":68,"column":3}}},"12":{"name":"(anonymous_12)","decl":{"start":{"line":70,"column":9},"end":{"line":70,"column":14}},"loc":{"start":{"line":70,"column":14},"end":{"line":72,"column":3}}}},"branchMap":{},"s":{"0":0,"1":0,"2":0,"3":0,"4":0,"5":0,"6":0,"7":0,"8":0,"9":0,"10":0,"11":0,"12":0,"13":0,"14":0,"15":0,"16":0,"17":0,"18":0,"19":0,"20":0,"21":0,"22":0,"23":0,"24":0,"25":1},"f":{"0":0,"1":0,"2":0,"3":0,"4":0,"5":0,"6":0,"7":0,"8":0,"9":0,"10":0,"11":0,"12":0},"b":{}}
,"/Users/narongritkanhanoi/works/pam4-js/src/index.ts": {"path":"/Users/narongritkanhanoi/works/pam4-js/src/index.ts","statementMap":{"0":{"start":{"line":1,"column":0},"end":{"line":1,"column":26}},"1":{"start":{"line":2,"column":0},"end":{"line":2,"column":74}},"2":{"start":{"line":8,"column":6},"end":{"line":8,"column":41}},"3":{"start":{"line":10,"column":4},"end":{"line":10,"column":22}},"4":{"start":{"line":14,"column":4},"end":{"line":14,"column":45}},"5":{"start":{"line":18,"column":4},"end":{"line":18,"column":23}},"6":{"start":{"line":22,"column":4},"end":{"line":22,"column":44}},"7":{"start":{"line":26,"column":28},"end":{"line":26,"column":30}},"8":{"start":{"line":29,"column":6},"end":{"line":32,"column":8}},"9":{"start":{"line":34,"column":6},"end":{"line":36,"column":8}},"10":{"start":{"line":39,"column":4},"end":{"line":50,"column":7}},"11":{"start":{"line":40,"column":6},"end":{"line":49,"column":11}},"12":{"start":{"line":45,"column":10},"end":{"line":45,"column":28}},"13":{"start":{"line":48,"column":10},"end":{"line":48,"column":27}},"14":{"start":{"line":4,"column":0},"end":{"line":4,"column":13}},"15":{"start":{"line":54,"column":13},"end":{"line":54,"column":70}},"16":{"start":{"line":54,"column":51},"end":{"line":54,"column":69}}},"fnMap":{"0":{"name":"(anonymous_0)","decl":{"start":{"line":6,"column":2},"end":{"line":6,"column":14}},"loc":{"start":{"line":6,"column":25},"end":{"line":11,"column":3}}},"1":{"name":"(anonymous_1)","decl":{"start":{"line":13,"column":9},"end":{"line":13,"column":34}},"loc":{"start":{"line":13,"column":52},"end":{"line":15,"column":3}}},"2":{"name":"(anonymous_2)","decl":{"start":{"line":17,"column":9},"end":{"line":17,"column":18}},"loc":{"start":{"line":17,"column":18},"end":{"line":19,"column":3}}},"3":{"name":"(anonymous_3)","decl":{"start":{"line":21,"column":2},"end":{"line":21,"column":13}},"loc":{"start":{"line":21,"column":23},"end":{"line":23,"column":3}}},"4":{"name":"(anonymous_4)","decl":{"start":{"line":25,"column":9},"end":{"line":25,"column":18}},"loc":{"start":{"line":25,"column":89},"end":{"line":51,"column":3}}},"5":{"name":"(anonymous_5)","decl":{"start":{"line":39,"column":23},"end":{"line":39,"column":24}},"loc":{"start":{"line":39,"column":43},"end":{"line":50,"column":5}}},"6":{"name":"(anonymous_6)","decl":{"start":{"line":44,"column":14},"end":{"line":44,"column":22}},"loc":{"start":{"line":44,"column":25},"end":{"line":46,"column":9}}},"7":{"name":"(anonymous_7)","decl":{"start":{"line":47,"column":15},"end":{"line":47,"column":18}},"loc":{"start":{"line":47,"column":21},"end":{"line":49,"column":9}}},"8":{"name":"(anonymous_8)","decl":{"start":{"line":54,"column":28},"end":{"line":54,"column":29}},"loc":{"start":{"line":54,"column":51},"end":{"line":54,"column":69}}}},"branchMap":{"0":{"loc":{"start":{"line":25,"column":87},"end":{"line":25,"column":89}},"type":"default-arg","locations":[{"start":{"line":25,"column":87},"end":{"line":25,"column":89}}]},"1":{"loc":{"start":{"line":28,"column":8},"end":{"line":28,"column":25}},"type":"binary-expr","locations":[{"start":{"line":28,"column":8},"end":{"line":28,"column":25}},{"start":{"line":28,"column":29},"end":{"line":28,"column":45}}]}},"s":{"0":1,"1":1,"2":2,"3":3,"4":0,"5":2,"6":1,"7":0,"8":0,"9":0,"10":0,"11":0,"12":0,"13":0,"14":1,"15":1,"16":0},"f":{"0":3,"1":0,"2":2,"3":1,"4":0,"5":0,"6":0,"7":0,"8":0},"b":{"0":[0],"1":[0,0]}}
}
