TN:
SF:/Users/narongritkanhanoi/works/pam4-js/src/index.ts
FN:6,(anonymous_0)
FN:13,(anonymous_1)
FN:17,(anonymous_2)
FN:21,(anonymous_3)
FN:36,(anonymous_4)
FN:41,(anonymous_5)
FN:48,(anonymous_6)
FNF:7
FNH:3
FNDA:3,(anonymous_0)
FNDA:2,(anonymous_1)
FNDA:1,(anonymous_2)
FNDA:0,(anonymous_3)
FNDA:0,(anonymous_4)
FNDA:0,(anonymous_5)
FNDA:0,(anonymous_6)
DA:1,1
DA:4,1
DA:8,2
DA:10,3
DA:14,2
DA:18,1
DA:23,0
DA:26,0
DA:30,0
DA:36,0
DA:37,0
DA:42,0
DA:48,1
LF:13
LH:7
BRDA:21,0,0,0
BRF:1
BRH:0
end_of_record
